[0.852s] Invoking command in '/home/tejas/con_ws/build/camera_feed': DEBUGINFOD_URLS=https://debuginfod.ubuntu.com PYTHONPATH=/home/tejas/con_ws/build/camera_feed/prefix_override:/usr/lib/python3/dist-packages/colcon_core/task/python/colcon_distutils_commands:/home/tejas/con_ws/install/camera_feed/lib/python3.12/site-packages:${PYTHONPATH} /usr/bin/python3 -W ignore:setup.py install is deprecated -W ignore:easy_install command is deprecated setup.py develop --editable --build-directory /home/tejas/con_ws/build/camera_feed/build --no-deps symlink_data
[1.205s] running develop
[1.406s] running egg_info
[1.406s] creating camera_feed.egg-info
[1.426s] writing camera_feed.egg-info/PKG-INFO
[1.426s] writing dependency_links to camera_feed.egg-info/dependency_links.txt
[1.426s] writing entry points to camera_feed.egg-info/entry_points.txt
[1.426s] writing requirements to camera_feed.egg-info/requires.txt
[1.426s] writing top-level names to camera_feed.egg-info/top_level.txt
[1.427s] writing manifest file 'camera_feed.egg-info/SOURCES.txt'
[1.466s] reading manifest file 'camera_feed.egg-info/SOURCES.txt'
[1.466s] writing manifest file 'camera_feed.egg-info/SOURCES.txt'
[1.488s] running build_ext
[1.488s] Creating /home/tejas/con_ws/install/camera_feed/lib/python3.12/site-packages/camera-feed.egg-link (link to .)
[1.488s] Installing image_node script to /home/tejas/con_ws/install/camera_feed/lib/camera_feed
[1.489s] Installing show_feed script to /home/tejas/con_ws/install/camera_feed/lib/camera_feed
[1.489s] 
[1.489s] Installed /home/tejas/con_ws/build/camera_feed
[1.489s] running symlink_data
[1.489s] creating /home/tejas/con_ws/install/camera_feed/share/ament_index
[1.489s] creating /home/tejas/con_ws/install/camera_feed/share/ament_index/resource_index
[1.490s] creating /home/tejas/con_ws/install/camera_feed/share/ament_index/resource_index/packages
[1.490s] symbolically linking /home/tejas/con_ws/build/camera_feed/resource/camera_feed -> /home/tejas/con_ws/install/camera_feed/share/ament_index/resource_index/packages
[1.490s] symbolically linking /home/tejas/con_ws/build/camera_feed/package.xml -> /home/tejas/con_ws/install/camera_feed/share/camera_feed
[1.490s] creating /home/tejas/con_ws/install/camera_feed/share/camera_feed/launch
[1.490s] symbolically linking /home/tejas/con_ws/build/camera_feed/launch/camera_launch.py -> /home/tejas/con_ws/install/camera_feed/share/camera_feed/launch
[1.521s] Invoked command in '/home/tejas/con_ws/build/camera_feed' returned '0': DEBUGINFOD_URLS=https://debuginfod.ubuntu.com PYTHONPATH=/home/tejas/con_ws/build/camera_feed/prefix_override:/usr/lib/python3/dist-packages/colcon_core/task/python/colcon_distutils_commands:/home/tejas/con_ws/install/camera_feed/lib/python3.12/site-packages:${PYTHONPATH} /usr/bin/python3 -W ignore:setup.py install is deprecated -W ignore:easy_install command is deprecated setup.py develop --editable --build-directory /home/tejas/con_ws/build/camera_feed/build --no-deps symlink_data
