running develop
running egg_info
creating teleop.egg-info
writing teleop.egg-info/PKG-INFO
writing dependency_links to teleop.egg-info/dependency_links.txt
writing entry points to teleop.egg-info/entry_points.txt
writing requirements to teleop.egg-info/requires.txt
writing top-level names to teleop.egg-info/top_level.txt
writing manifest file 'teleop.egg-info/SOURCES.txt'
reading manifest file 'teleop.egg-info/SOURCES.txt'
writing manifest file 'teleop.egg-info/SOURCES.txt'
running build_ext
Creating /home/tejas/con_ws/install/teleop/lib/python3.12/site-packages/teleop.egg-link (link to .)
Installing teleop script to /home/tejas/con_ws/install/teleop/lib/teleop

Installed /home/tejas/con_ws/build/teleop
running symlink_data
creating /home/tejas/con_ws/install/teleop/share/ament_index
creating /home/tejas/con_ws/install/teleop/share/ament_index/resource_index
creating /home/tejas/con_ws/install/teleop/share/ament_index/resource_index/packages
symbolically linking /home/tejas/con_ws/build/teleop/resource/teleop -> /home/tejas/con_ws/install/teleop/share/ament_index/resource_index/packages
symbolically linking /home/tejas/con_ws/build/teleop/package.xml -> /home/tejas/con_ws/install/teleop/share/teleop
creating /home/tejas/con_ws/install/teleop/share/teleop/launch
error: can't copy '/home/tejas/con_ws/build/teleop/launch/camera_launch.py': doesn't exist or not a regular file
